2013-05-08 13:48:07
Full thread dump Java HotSpot(TM) Client VM (21.0-b17 mixed mode):

"DestroyJavaVM" prio=6 tid=0x009fb000 nid=0xf24 waiting on condition [0x00000000]
   java.lang.Thread.State: RUNNABLE

   Locked ownable synchronizers:
	- None

"Thread-3" prio=6 tid=0x184e4400 nid=0x1f7c waiting for monitor entry [0x1991f000]
   java.lang.Thread.State: BLOCKED (on object monitor)
	at com.himanshu.classobjectlevellock.NormalClass.classLockMethodSynch(NormalClass.java:38)
	- waiting to lock <0x043b6068> (a java.lang.Class for com.himanshu.classobjectlevellock.NormalClass)
	at com.himanshu.classobjectlevellock.Main$4.run(Main.java:51)

   Locked ownable synchronizers:
	- None

"Thread-2" prio=6 tid=0x184e1c00 nid=0x157c waiting for monitor entry [0x197af000]
   java.lang.Thread.State: BLOCKED (on object monitor)
	at com.himanshu.classobjectlevellock.NormalClass.objectLockMethodSynch(NormalClass.java:46)
	- waiting to lock <0x043b60d0> (a com.himanshu.classobjectlevellock.NormalClass)
	at com.himanshu.classobjectlevellock.Main$3.run(Main.java:45)

   Locked ownable synchronizers:
	- None

"Thread-1" prio=6 tid=0x184df400 nid=0x2060 runnable [0x18e7f000]
   java.lang.Thread.State: RUNNABLE
	at com.himanshu.classobjectlevellock.NormalClass.classLockMethod(NormalClass.java:23)
	- locked <0x043b6068> (a java.lang.Class for com.himanshu.classobjectlevellock.NormalClass)
	at com.himanshu.classobjectlevellock.Main$2.run(Main.java:38)

   Locked ownable synchronizers:
	- None

"Thread-0" prio=6 tid=0x184dec00 nid=0x1c9c runnable [0x18e1f000]
   java.lang.Thread.State: RUNNABLE
	at com.himanshu.classobjectlevellock.NormalClass.objectLockMethod(NormalClass.java:30)
	- locked <0x043b60d0> (a com.himanshu.classobjectlevellock.NormalClass)
	at com.himanshu.classobjectlevellock.Main$1.run(Main.java:31)

   Locked ownable synchronizers:
	- None

"Service Thread" daemon prio=6 tid=0x184a4000 nid=0x1b54 runnable [0x00000000]
   java.lang.Thread.State: RUNNABLE

   Locked ownable synchronizers:
	- None

"C1 CompilerThread0" daemon prio=10 tid=0x184a1400 nid=0x1dd8 waiting on condition [0x00000000]
   java.lang.Thread.State: RUNNABLE

   Locked ownable synchronizers:
	- None

"JDWP Command Reader" daemon prio=6 tid=0x18491400 nid=0x1750 runnable [0x00000000]
   java.lang.Thread.State: RUNNABLE

   Locked ownable synchronizers:
	- None

"JDWP Event Helper Thread" daemon prio=6 tid=0x18490400 nid=0x1404 runnable [0x00000000]
   java.lang.Thread.State: RUNNABLE

   Locked ownable synchronizers:
	- None

"JDWP Transport Listener: dt_socket" daemon prio=6 tid=0x18484400 nid=0x1194 runnable [0x00000000]
   java.lang.Thread.State: RUNNABLE

   Locked ownable synchronizers:
	- None

"Attach Listener" daemon prio=10 tid=0x1847e000 nid=0x1c0c waiting on condition [0x00000000]
   java.lang.Thread.State: RUNNABLE

   Locked ownable synchronizers:
	- None

"Signal Dispatcher" daemon prio=10 tid=0x1847ac00 nid=0x1c08 runnable [0x00000000]
   java.lang.Thread.State: RUNNABLE

   Locked ownable synchronizers:
	- None

"Finalizer" daemon prio=8 tid=0x18425000 nid=0x12c4 in Object.wait() [0x009df000]
   java.lang.Thread.State: WAITING (on object monitor)
	at java.lang.Object.wait(Native Method)
	- waiting on <0x04354fe0> (a java.lang.ref.ReferenceQueue$Lock)
	at java.lang.ref.ReferenceQueue.remove(ReferenceQueue.java:135)
	- locked <0x04354fe0> (a java.lang.ref.ReferenceQueue$Lock)
	at java.lang.ref.ReferenceQueue.remove(ReferenceQueue.java:151)
	at java.lang.ref.Finalizer$FinalizerThread.run(Finalizer.java:177)

   Locked ownable synchronizers:
	- None

"Reference Handler" daemon prio=10 tid=0x18420400 nid=0x1ca4 in Object.wait() [0x1889f000]
   java.lang.Thread.State: WAITING (on object monitor)
	at java.lang.Object.wait(Native Method)
	- waiting on <0x04354be8> (a java.lang.ref.Reference$Lock)
	at java.lang.Object.wait(Object.java:503)
	at java.lang.ref.Reference$ReferenceHandler.run(Reference.java:133)
	- locked <0x04354be8> (a java.lang.ref.Reference$Lock)

   Locked ownable synchronizers:
	- None

"VM Thread" prio=10 tid=0x1841bc00 nid=0x2160 runnable 

"VM Periodic Task Thread" prio=10 tid=0x184ad000 nid=0x1624 waiting on condition 

JNI global references: 739

